# JRE version: Java(TM) SE Runtime Environment (8.0_112-b15) (build 1.8.0_112-b15)
# Java VM: Java HotSpot(TM) 64-Bit Server VM (25.112-b15 mixed mode windows-amd64 compressed oops)
Heap:
 PSYoungGen      total 59904K, used 13252K [0x00000007bc400000, 0x00000007c0000000, 0x00000007c0000000)
  eden space 58368K, 20% used [0x00000007bc400000,0x00000007bcf711f8,0x00000007bfd00000)
  from space 1536K, 100% used [0x00000007bfd00000,0x00000007bfe80000,0x00000007bfe80000)
  to   space 1536K, 0% used [0x00000007bfe80000,0x00000007bfe80000,0x00000007c0000000)
 ParOldGen       total 203776K, used 120656K [0x0000000700000000, 0x000000070c700000, 0x00000007bc400000)
  object space 203776K, 59% used [0x0000000700000000,0x00000007075d4008,0x000000070c700000)
 Metaspace       used 87530K, capacity 88307K, committed 88832K, reserved 1126400K
  class space    used 12403K, capacity 12543K, committed 12544K, reserved 1048576K
GC Heap History (10 events):
Event: 8944.935 GC heap before
{Heap before GC invocations=809 (full 24):
 PSYoungGen      total 59392K, used 57568K [0x00000007bc400000, 0x00000007c0000000, 0x00000007c0000000)
  eden space 57344K, 100% used [0x00000007bc400000,0x00000007bfc00000,0x00000007bfc00000)
  from space 2048K, 10% used [0x00000007bfe00000,0x00000007bfe38000,0x00000007c0000000)
  to   space 2048K, 0% used [0x00000007bfc00000,0x00000007bfc00000,0x00000007bfe00000)
 ParOldGen       total 203776K, used 118271K [0x0000000700000000, 0x000000070c700000, 0x00000007bc400000)
  object space 203776K, 58% used [0x0000000700000000,0x000000070737ffd8,0x000000070c700000)
 Metaspace       used 87513K, capacity 88307K, committed 88832K, reserved 1126400K
  class space    used 12403K, capacity 12543K, committed 12544K, reserved 1048576K
Event: 8944.939 GC heap after
Heap after GC invocations=809 (full 24):
 PSYoungGen      total 59392K, used 224K [0x00000007bc400000, 0x00000007c0000000, 0x00000007c0000000)
  eden space 57344K, 0% used [0x00000007bc400000,0x00000007bc400000,0x00000007bfc00000)
  from space 2048K, 10% used [0x00000007bfc00000,0x00000007bfc38000,0x00000007bfe00000)
  to   space 2048K, 0% used [0x00000007bfe00000,0x00000007bfe00000,0x00000007c0000000)
 ParOldGen       total 203776K, used 118343K [0x0000000700000000, 0x000000070c700000, 0x00000007bc400000)
  object space 203776K, 58% used [0x0000000700000000,0x0000000707391fd8,0x000000070c700000)
 Metaspace       used 87513K, capacity 88307K, committed 88832K, reserved 1126400K
  class space    used 12403K, capacity 12543K, committed 12544K, reserved 1048576K
}
Event: 8945.254 GC heap before
{Heap before GC invocations=810 (full 24):
 PSYoungGen      total 59392K, used 57568K [0x00000007bc400000, 0x00000007c0000000, 0x00000007c0000000)
  eden space 57344K, 100% used [0x00000007bc400000,0x00000007bfc00000,0x00000007bfc00000)
  from space 2048K, 10% used [0x00000007bfc00000,0x00000007bfc38000,0x00000007bfe00000)
  to   space 2048K, 0% used [0x00000007bfe00000,0x00000007bfe00000,0x00000007c0000000)
 ParOldGen       total 203776K, used 118343K [0x0000000700000000, 0x000000070c700000, 0x00000007bc400000)
  object space 203776K, 58% used [0x0000000700000000,0x0000000707391fd8,0x000000070c700000)
 Metaspace       used 87524K, capacity 88307K, committed 88832K, reserved 1126400K
  class space    used 12403K, capacity 12543K, committed 12544K, reserved 1048576K
Event: 8945.258 GC heap after
Heap after GC invocations=810 (full 24):
 PSYoungGen      total 59392K, used 672K [0x00000007bc400000, 0x00000007c0000000, 0x00000007c0000000)
  eden space 57344K, 0% used [0x00000007bc400000,0x00000007bc400000,0x00000007bfc00000)
  from space 2048K, 32% used [0x00000007bfe00000,0x00000007bfea8000,0x00000007c0000000)
  to   space 2048K, 0% used [0x00000007bfc00000,0x00000007bfc00000,0x00000007bfe00000)
 ParOldGen       total 203776K, used 118399K [0x0000000700000000, 0x000000070c700000, 0x00000007bc400000)
  object space 203776K, 58% used [0x0000000700000000,0x000000070739ffd8,0x000000070c700000)
 Metaspace       used 87524K, capacity 88307K, committed 88832K, reserved 1126400K
  class space    used 12403K, capacity 12543K, committed 12544K, reserved 1048576K
}
Event: 8945.476 GC heap before
{Heap before GC invocations=811 (full 24):
 PSYoungGen      total 59392K, used 58016K [0x00000007bc400000, 0x00000007c0000000, 0x00000007c0000000)
  eden space 57344K, 100% used [0x00000007bc400000,0x00000007bfc00000,0x00000007bfc00000)
  from space 2048K, 32% used [0x00000007bfe00000,0x00000007bfea8000,0x00000007c0000000)
  to   space 2048K, 0% used [0x00000007bfc00000,0x00000007bfc00000,0x00000007bfe00000)
 ParOldGen       total 203776K, used 118399K [0x0000000700000000, 0x000000070c700000, 0x00000007bc400000)
  object space 203776K, 58% used [0x0000000700000000,0x000000070739ffd8,0x000000070c700000)
 Metaspace       used 87524K, capacity 88307K, committed 88832K, reserved 1126400K
  class space    used 12403K, capacity 12543K, committed 12544K, reserved 1048576K
Event: 8945.481 GC heap after
Heap after GC invocations=811 (full 24):
 PSYoungGen      total 59392K, used 256K [0x00000007bc400000, 0x00000007c0000000, 0x00000007c0000000)
  eden space 57344K, 0% used [0x00000007bc400000,0x00000007bc400000,0x00000007bfc00000)
  from space 2048K, 12% used [0x00000007bfc00000,0x00000007bfc40000,0x00000007bfe00000)
  to   space 1536K, 0% used [0x00000007bfe80000,0x00000007bfe80000,0x00000007c0000000)
 ParOldGen       total 203776K, used 118895K [0x0000000700000000, 0x000000070c700000, 0x00000007bc400000)
  object space 203776K, 58% used [0x0000000700000000,0x000000070741bfd8,0x000000070c700000)
 Metaspace       used 87524K, capacity 88307K, committed 88832K, reserved 1126400K
  class space    used 12403K, capacity 12543K, committed 12544K, reserved 1048576K
}
Event: 8945.696 GC heap before
{Heap before GC invocations=812 (full 24):
 PSYoungGen      total 59392K, used 57600K [0x00000007bc400000, 0x00000007c0000000, 0x00000007c0000000)
  eden space 57344K, 100% used [0x00000007bc400000,0x00000007bfc00000,0x00000007bfc00000)
  from space 2048K, 12% used [0x00000007bfc00000,0x00000007bfc40000,0x00000007bfe00000)
  to   space 1536K, 0% used [0x00000007bfe80000,0x00000007bfe80000,0x00000007c0000000)
 ParOldGen       total 203776K, used 118895K [0x0000000700000000, 0x000000070c700000, 0x00000007bc400000)
  object space 203776K, 58% used [0x0000000700000000,0x000000070741bfd8,0x000000070c700000)
 Metaspace       used 87528K, capacity 88307K, committed 88832K, reserved 1126400K
  class space    used 12403K, capacity 12543K, committed 12544K, reserved 1048576K
Event: 8945.700 GC heap after
Heap after GC invocations=812 (full 24):
 PSYoungGen      total 59904K, used 192K [0x00000007bc400000, 0x00000007c0000000, 0x00000007c0000000)
  eden space 58368K, 0% used [0x00000007bc400000,0x00000007bc400000,0x00000007bfd00000)
  from space 1536K, 12% used [0x00000007bfe80000,0x00000007bfeb0000,0x00000007c0000000)
  to   space 1536K, 0% used [0x00000007bfd00000,0x00000007bfd00000,0x00000007bfe80000)
 ParOldGen       total 203776K, used 119023K [0x0000000700000000, 0x000000070c700000, 0x00000007bc400000)
  object space 203776K, 58% used [0x0000000700000000,0x000000070743bfd8,0x000000070c700000)
 Metaspace       used 87528K, capacity 88307K, committed 88832K, reserved 1126400K
  class space    used 12403K, capacity 12543K, committed 12544K, reserved 1048576K
}
Event: 8946.355 GC heap before
{Heap before GC invocations=813 (full 24):
 PSYoungGen      total 59904K, used 58560K [0x00000007bc400000, 0x00000007c0000000, 0x00000007c0000000)
  eden space 58368K, 100% used [0x00000007bc400000,0x00000007bfd00000,0x00000007bfd00000)
  from space 1536K, 12% used [0x00000007bfe80000,0x00000007bfeb0000,0x00000007c0000000)
  to   space 1536K, 0% used [0x00000007bfd00000,0x00000007bfd00000,0x00000007bfe80000)
 ParOldGen       total 203776K, used 119023K [0x0000000700000000, 0x000000070c700000, 0x00000007bc400000)
  object space 203776K, 58% used [0x0000000700000000,0x000000070743bfd8,0x000000070c700000)
 Metaspace       used 87530K, capacity 88307K, committed 88832K, reserved 1126400K
  class space    used 12403K, capacity 12543K, committed 12544K, reserved 1048576K
Event: 8946.366 GC heap after
Heap after GC invocations=813 (full 24):
 PSYoungGen      total 59904K, used 1536K [0x00000007bc400000, 0x00000007c0000000, 0x00000007c0000000)
  eden space 58368K, 0% used [0x00000007bc400000,0x00000007bc400000,0x00000007bfd00000)
  from space 1536K, 100% used [0x00000007bfd00000,0x00000007bfe80000,0x00000007bfe80000)
  to   space 1536K, 0% used [0x00000007bfe80000,0x00000007bfe80000,0x00000007c0000000)
 ParOldGen       total 203776K, used 120656K [0x0000000700000000, 0x000000070c700000, 0x00000007bc400000)
  object space 203776K, 59% used [0x0000000700000000,0x00000007075d4008,0x000000070c700000)
 Metaspace       used 87530K, capacity 88307K, committed 88832K, reserved 1126400K
  class space    used 12403K, capacity 12543K, committed 12544K, reserved 1048576K
}

